<?xml version="1.0" encoding="UTF-8"?>
<testng-results ignored="0" total="1" passed="1" failed="0" skipped="0">
  <reporter-output>
  </reporter-output>
  <suite started-at="2021-04-25T16:24:31 CEST" name="Default suite" finished-at="2021-04-25T16:25:27 CEST" duration-ms="55201">
    <groups>
    </groups>
    <test started-at="2021-04-25T16:24:31 CEST" name="Default test" finished-at="2021-04-25T16:25:27 CEST" duration-ms="55201">
      <class name="autotest.automate.webapp.brand.testcases.CampaignCreation">
        <test-method is-config="true" signature="setUp()[pri:0, instance:autotest.automate.webapp.brand.testcases.CampaignCreation@2525ff7e]" started-at="2021-04-25T16:24:32 CEST" name="setUp" finished-at="2021-04-25T16:24:37 CEST" duration-ms="5925" status="PASS">
          <reporter-output>
          </reporter-output>
        </test-method> <!-- setUp -->
        <test-method signature="createCampaign()[pri:0, instance:autotest.automate.webapp.brand.testcases.CampaignCreation@2525ff7e]" started-at="2021-04-25T16:24:37 CEST" name="createCampaign" finished-at="2021-04-25T16:25:26 CEST" duration-ms="49055" status="PASS">
          <reporter-output>
          </reporter-output>
        </test-method> <!-- createCampaign -->
        <test-method is-config="true" signature="tearDown()[pri:0, instance:autotest.automate.webapp.brand.testcases.CampaignCreation@2525ff7e]" started-at="2021-04-25T16:25:27 CEST" name="tearDown" finished-at="2021-04-25T16:25:27 CEST" duration-ms="173" status="PASS">
          <reporter-output>
          </reporter-output>
        </test-method> <!-- tearDown -->
      </class> <!-- autotest.automate.webapp.brand.testcases.CampaignCreation -->
    </test> <!-- Default test -->
  </suite> <!-- Default suite -->
</testng-results>
